{
  "RSpec": {
    "coverage": {
      "/home/revelo/workspace/revelinho/config/environment.rb": [
        null,
        1,
        null,
        null,
        1
      ],
      "/home/revelo/workspace/revelinho/config/application.rb": [
        1,
        null,
        1,
        null,
        1,
        1,
        1,
        1,
        1,
        1,
        1,
        1,
        1,
        1,
        1,
        null,
        null,
        null,
        null,
        1,
        null,
        1,
        1,
        null,
        1,
        null,
        null,
        null,
        null,
        null,
        null,
        null,
        1,
        null,
        1,
        null,
        null
      ],
      "/home/revelo/workspace/revelinho/config/boot.rb": [
        1,
        null,
        1,
        1
      ],
      "/home/revelo/workspace/revelinho/config/environments/test.rb": [
        null,
        null,
        null,
        null,
        null,
        1,
        null,
        null,
        1,
        null,
        null,
        null,
        null,
        1,
        null,
        null,
        1,
        1,
        null,
        null,
        null,
        null,
        1,
        1,
        1,
        null,
        null,
        1,
        null,
        null,
        1,
        null,
        null,
        1,
        null,
        1,
        null,
        null,
        null,
        null,
        1,
        null,
        null,
        1,
        null,
        null,
        null,
        null
      ],
      "/home/revelo/workspace/revelinho/config/initializers/application_controller_renderer.rb": [
        null,
        null,
        null,
        null,
        null,
        null,
        null,
        null
      ],
      "/home/revelo/workspace/revelinho/config/initializers/assets.rb": [
        null,
        null,
        null,
        1,
        null,
        null,
        null,
        null,
        1,
        null,
        null,
        null,
        null,
        null
      ],
      "/home/revelo/workspace/revelinho/config/initializers/backtrace_silencers.rb": [
        null,
        null,
        null,
        null,
        null,
        null,
        null
      ],
      "/home/revelo/workspace/revelinho/config/initializers/content_security_policy.rb": [
        null,
        null,
        null,
        null,
        null,
        null,
        null,
        null,
        null,
        null,
        null,
        null,
        null,
        null,
        null,
        null,
        null,
        null,
        null,
        null,
        null,
        null,
        null,
        null,
        null,
        null,
        null,
        null,
        null,
        null
      ],
      "/home/revelo/workspace/revelinho/config/initializers/cookies_serializer.rb": [
        null,
        null,
        null,
        null,
        1
      ],
      "/home/revelo/workspace/revelinho/config/initializers/devise.rb": [
        null,
        null,
        null,
        null,
        1,
        null,
        null,
        null,
        null,
        null,
        null,
        null,
        null,
        null,
        null,
        null,
        null,
        null,
        null,
        null,
        1,
        null,
        null,
        null,
        null,
        null,
        null,
        null,
        null,
        null,
        null,
        null,
        1,
        null,
        null,
        null,
        null,
        null,
        null,
        null,
        null,
        null,
        null,
        null,
        null,
        null,
        null,
        null,
        null,
        null,
        null,
        null,
        null,
        null,
        1,
        null,
        null,
        null,
        null,
        1,
        null,
        null,
        null,
        null,
        null,
        null,
        null,
        null,
        null,
        null,
        null,
        null,
        null,
        null,
        null,
        null,
        null,
        null,
        null,
        null,
        null,
        null,
        null,
        null,
        null,
        null,
        null,
        null,
        null,
        null,
        1,
        null,
        null,
        null,
        null,
        null,
        null,
        null,
        null,
        null,
        null,
        null,
        null,
        null,
        null,
        null,
        null,
        null,
        null,
        null,
        null,
        null,
        null,
        1,
        null,
        null,
        null,
        null,
        null,
        null,
        null,
        null,
        null,
        null,
        null,
        null,
        null,
        null,
        null,
        null,
        null,
        null,
        null,
        null,
        null,
        null,
        null,
        null,
        null,
        null,
        null,
        null,
        null,
        null,
        null,
        null,
        null,
        1,
        null,
        null,
        null,
        null,
        null,
        null,
        null,
        null,
        null,
        1,
        null,
        null,
        null,
        null,
        null,
        null,
        null,
        null,
        null,
        null,
        1,
        null,
        null,
        null,
        null,
        1,
        null,
        null,
        null,
        null,
        null,
        null,
        null,
        null,
        null,
        null,
        null,
        null,
        null,
        null,
        null,
        null,
        null,
        null,
        null,
        null,
        null,
        null,
        null,
        null,
        null,
        null,
        null,
        null,
        null,
        null,
        null,
        null,
        null,
        null,
        null,
        null,
        null,
        null,
        null,
        null,
        1,
        null,
        null,
        null,
        null,
        null,
        null,
        null,
        null,
        null,
        null,
        null,
        null,
        null,
        null,
        null,
        null,
        null,
        null,
        null,
        null,
        null,
        null,
        null,
        null,
        null,
        null,
        null,
        null,
        null,
        null,
        null,
        null,
        null,
        null,
        null,
        null,
        null,
        null,
        null,
        null,
        null,
        1,
        null,
        null,
        null,
        null,
        null,
        null,
        null,
        null,
        null,
        null,
        null,
        null,
        null,
        null,
        null,
        null,
        null,
        null,
        null,
        null,
        null,
        null,
        null,
        null,
        null,
        null,
        null,
        null,
        null,
        null,
        null,
        null,
        null,
        null,
        null,
        null,
        null,
        null,
        null,
        null,
        null,
        null
      ],
      "/home/revelo/workspace/revelinho/config/initializers/filter_parameter_logging.rb": [
        null,
        null,
        null,
        1
      ],
      "/home/revelo/workspace/revelinho/config/initializers/inflections.rb": [
        null,
        null,
        null,
        null,
        null,
        null,
        null,
        null,
        null,
        null,
        null,
        null,
        null,
        null,
        null,
        null
      ],
      "/home/revelo/workspace/revelinho/config/initializers/mime_types.rb": [
        null,
        null,
        null,
        null
      ],
      "/home/revelo/workspace/revelinho/config/initializers/wrap_parameters.rb": [
        null,
        null,
        null,
        null,
        null,
        null,
        1,
        2,
        null,
        null,
        null,
        null,
        null,
        null
      ],
      "/home/revelo/workspace/revelinho/spec/factories/candidates.rb": [
        1,
        1,
        1,
        8,
        8,
        8,
        8,
        6,
        6,
        8,
        8,
        8,
        8,
        7,
        null,
        1,
        2,
        null,
        null,
        null
      ],
      "/home/revelo/workspace/revelinho/spec/factories/companies.rb": [
        1,
        1,
        7,
        9,
        9,
        null,
        null
      ],
      "/home/revelo/workspace/revelinho/spec/factories/employees.rb": [
        1,
        1,
        8,
        8,
        1,
        null,
        null
      ],
      "/home/revelo/workspace/revelinho/spec/factories/positions.rb": [
        1,
        1,
        2,
        2,
        2,
        2,
        2,
        null,
        null
      ],
      "/home/revelo/workspace/revelinho/config/routes.rb": [
        1,
        1,
        1,
        1,
        1,
        1,
        null
      ],
      "/home/revelo/workspace/revelinho/app/models/employee.rb": [
        1,
        1,
        null,
        null,
        1,
        null,
        null
      ],
      "/home/revelo/workspace/revelinho/app/models/application_record.rb": [
        1,
        1,
        null
      ],
      "/home/revelo/workspace/revelinho/app/models/candidate.rb": [
        1,
        null,
        null,
        1,
        null,
        null,
        1,
        null
      ],
      "/home/revelo/workspace/revelinho/spec/features/employee_creates_position_spec.rb": [
        1,
        null,
        1,
        1,
        1,
        1,
        null,
        1,
        1,
        1,
        null,
        1,
        1,
        1,
        1,
        1,
        1,
        null,
        1,
        1,
        1,
        1,
        1,
        null,
        null,
        1,
        1,
        null,
        1,
        null,
        null,
        1,
        1,
        1,
        null,
        1,
        1,
        1,
        null,
        1,
        1,
        1,
        1,
        1,
        null,
        1,
        1,
        1,
        1,
        1,
        null,
        null
      ],
      "/home/revelo/workspace/revelinho/spec/requests/employee_logged_in_to_create_position_spec.rb": [
        1,
        null,
        1,
        1,
        1,
        1,
        1,
        null,
        null,
        null
      ],
      "/home/revelo/workspace/revelinho/app/models/company.rb": [
        1,
        1,
        1,
        null
      ],
      "/home/revelo/workspace/revelinho/app/controllers/application_controller.rb": [
        1,
        null
      ],
      "/home/revelo/workspace/revelinho/app/controllers/home_controller.rb": [
        1,
        1,
        null
      ],
      "/home/revelo/workspace/revelinho/app/controllers/candidates_controller.rb": [
        1,
        1,
        null,
        1,
        5,
        5,
        5,
        null,
        null,
        1,
        null,
        1,
        null,
        1,
        2,
        null,
        null
      ],
      "/home/revelo/workspace/revelinho/app/controllers/positions_controller.rb": [
        1,
        1,
        null,
        1,
        2,
        null,
        null,
        1,
        2,
        2,
        2,
        1,
        null,
        1,
        null,
        null,
        null,
        1,
        1,
        null,
        null,
        1,
        null,
        1,
        2,
        null,
        null
      ],
      "/home/revelo/workspace/revelinho/app/models/position.rb": [
        1,
        1,
        1,
        1,
        null
      ]
    },
    "timestamp": 1571165413
  }
}
